# JRE version: OpenJDK Runtime Environment Temurin-17.0.14+7 (17.0.14+7) (build 17.0.14+7)
# Java VM: OpenJDK 64-Bit Server VM Temurin-17.0.14+7 (17.0.14+7, mixed mode, tiered, compressed oops, compressed class ptrs, g1 gc, bsd-amd64)
GC Precious Log:
 CPUs: 8 total, 8 available
 Memory: 16384M
 Large Page Support: Disabled
 NUMA Support: Disabled
 Compressed Oops: Enabled (Zero based)
 Heap Region Size: 2M
 Heap Min Capacity: 8M
 Heap Initial Capacity: 256M
 Heap Max Capacity: 4G
 Pre-touch: Disabled
 Parallel Workers: 8
 Concurrent Workers: 2
 Concurrent Refinement Workers: 8
 Periodic GC: Disabled
Heap:
 garbage-first heap   total 75776K, used 21990K [0x0000000700000000, 0x0000000800000000)
  region size 2048K, 6 young (12288K), 3 survivors (6144K)
 Metaspace       used 36747K, committed 37056K, reserved 1114112K
  class space    used 4590K, committed 4736K, reserved 1048576K
GC Heap History (12 events):
Event: 1.118 GC heap before
{Heap before GC invocations=0 (full 0):
 garbage-first heap   total 262144K, used 20480K [0x0000000700000000, 0x0000000800000000)
  region size 2048K, 11 young (22528K), 0 survivors (0K)
 Metaspace       used 13578K, committed 13824K, reserved 1114112K
  class space    used 1206K, committed 1344K, reserved 1048576K
}
Event: 1.137 GC heap after
{Heap after GC invocations=1 (full 0):
 garbage-first heap   total 262144K, used 3271K [0x0000000700000000, 0x0000000800000000)
  region size 2048K, 2 young (4096K), 2 survivors (4096K)
 Metaspace       used 13578K, committed 13824K, reserved 1114112K
  class space    used 1206K, committed 1344K, reserved 1048576K
}
Event: 2.039 GC heap before
{Heap before GC invocations=1 (full 0):
 garbage-first heap   total 262144K, used 27847K [0x0000000700000000, 0x0000000800000000)
  region size 2048K, 16 young (32768K), 2 survivors (4096K)
 Metaspace       used 21320K, committed 21504K, reserved 1114112K
  class space    used 2533K, committed 2624K, reserved 1048576K
}
Event: 2.053 GC heap after
{Heap after GC invocations=2 (full 0):
 garbage-first heap   total 262144K, used 6369K [0x0000000700000000, 0x0000000800000000)
  region size 2048K, 2 young (4096K), 2 survivors (4096K)
 Metaspace       used 21320K, committed 21504K, reserved 1114112K
  class space    used 2533K, committed 2624K, reserved 1048576K
}
Event: 2.464 GC heap before
{Heap before GC invocations=3 (full 0):
 garbage-first heap   total 34816K, used 20705K [0x0000000700000000, 0x0000000800000000)
  region size 2048K, 10 young (20480K), 2 survivors (4096K)
 Metaspace       used 23645K, committed 23872K, reserved 1114112K
  class space    used 2903K, committed 3008K, reserved 1048576K
}
Event: 2.472 GC heap after
{Heap after GC invocations=4 (full 0):
 garbage-first heap   total 34816K, used 8610K [0x0000000700000000, 0x0000000800000000)
  region size 2048K, 2 young (4096K), 2 survivors (4096K)
 Metaspace       used 23645K, committed 23872K, reserved 1114112K
  class space    used 2903K, committed 3008K, reserved 1048576K
}
Event: 2.487 GC heap before
{Heap before GC invocations=4 (full 0):
 garbage-first heap   total 34816K, used 10658K [0x0000000700000000, 0x0000000800000000)
  region size 2048K, 3 young (6144K), 2 survivors (4096K)
 Metaspace       used 23645K, committed 23872K, reserved 1114112K
  class space    used 2903K, committed 3008K, reserved 1048576K
}
Event: 2.492 GC heap after
{Heap after GC invocations=5 (full 0):
 garbage-first heap   total 34816K, used 8627K [0x0000000700000000, 0x0000000800000000)
  region size 2048K, 1 young (2048K), 1 survivors (2048K)
 Metaspace       used 23645K, committed 23872K, reserved 1114112K
  class space    used 2903K, committed 3008K, reserved 1048576K
}
Event: 2.881 GC heap before
{Heap before GC invocations=5 (full 0):
 garbage-first heap   total 34816K, used 18867K [0x0000000700000000, 0x0000000800000000)
  region size 2048K, 6 young (12288K), 1 survivors (2048K)
 Metaspace       used 27707K, committed 28032K, reserved 1114112K
  class space    used 3414K, committed 3584K, reserved 1048576K
}
Event: 2.885 GC heap after
{Heap after GC invocations=6 (full 0):
 garbage-first heap   total 149504K, used 10255K [0x0000000700000000, 0x0000000800000000)
  region size 2048K, 1 young (2048K), 1 survivors (2048K)
 Metaspace       used 27707K, committed 28032K, reserved 1114112K
  class space    used 3414K, committed 3584K, reserved 1048576K
}
Event: 4.445 GC heap before
{Heap before GC invocations=6 (full 0):
 garbage-first heap   total 149504K, used 47119K [0x0000000700000000, 0x0000000800000000)
  region size 2048K, 15 young (30720K), 1 survivors (2048K)
 Metaspace       used 35690K, committed 35968K, reserved 1114112K
  class space    used 4525K, committed 4672K, reserved 1048576K
}
Event: 4.453 GC heap after
{Heap after GC invocations=7 (full 0):
 garbage-first heap   total 149504K, used 17894K [0x0000000700000000, 0x0000000800000000)
  region size 2048K, 3 young (6144K), 3 survivors (6144K)
 Metaspace       used 35690K, committed 35968K, reserved 1114112K
  class space    used 4525K, committed 4672K, reserved 1048576K
}

